<?xml version="1.0" encoding="UTF-8"?>
<!-- Generated by org.testng.reporters.JUnitReportReporter -->
<testsuite hostname="PTL010979" name="Academy.LoginPagetest" tests="2" failures="0" timestamp="14 Jan 2020 06:55:29 GMT" time="40.597" errors="0">
  <testcase name="getlogin" time="21.263" classname="Academy.LoginPagetest"/>
  <testcase name="getlogin" time="19.334" classname="Academy.LoginPagetest"/>
</testsuite> <!-- Academy.LoginPagetest -->
