<?xml version="1.0" encoding="UTF-8"?>
<!-- Generated by org.testng.reporters.JUnitReportReporter -->
<testsuite hostname="PTL010979" name="Academy.HomePage" tests="2" failures="0" timestamp="16 Jan 2020 12:50:04 GMT" time="24.804" errors="0">
  <testcase name="basePageNavigation" time="13.137" classname="Academy.HomePage"/>
  <testcase name="basePageNavigation" time="11.667" classname="Academy.HomePage"/>
</testsuite> <!-- Academy.HomePage -->
