<?xml version="1.0" encoding="UTF-8"?>
<!-- Generated by org.testng.reporters.JUnitReportReporter -->
<testsuite hostname="PTL010979" name="Academy.ValidateNavigationBar" tests="1" failures="0" timestamp="16 Jan 2020 12:50:04 GMT" time="0.088" errors="0">
  <testcase name="basePageNavigation" time="0.088" classname="Academy.ValidateNavigationBar"/>
</testsuite> <!-- Academy.ValidateNavigationBar -->
